<?xml version="1.0" encoding="UTF-8"?>
<!-- Generated by org.testng.reporters.JUnitXMLReporter -->
<testsuite ignored="0" hostname="DESKTOP-ERKP2PO" failures="0" tests="4" name="Test" time="159.198" errors="0" timestamp="2021-06-06T16:22:30 IST">
  <testcase classname="main.mainclass2" name="Homeimprovement" time="15.1"/>
  <testcase classname="main.mainclass2" name="elctronics" time="12.158"/>
  <testcase classname="main.mainclass" name="bestseller" time="19.609"/>
  <testcase classname="main.mainclass" name="samsung" time="10.281"/>
</testsuite> <!-- Test -->
